// 重构日志: 48fba9a3
// 重构日志: af20fd58
// 重构日志: 8f42635b
// 同步 ID: 9c6a40ed @ Sat Jul  4 17:18:50 UTC 2026
// 同步 ID: 250390ba @ Sat Jul  4 21:02:23 UTC 2026
// 同步 ID: c89d2f63 @ Sun Jul  5 00:34:39 UTC 2026
// 重构日志: a1897a0c
// 重构日志: de78924e
// 重构日志: 36070645
// 重构日志: 68fd6b64
// 同步 ID: 60763e3a @ Fri Jul 10 17:54:21 UTC 2026
// 同步 ID: 01b56f6f @ Sat Jul 11 15:24:41 UTC 2026
// 重构日志: 31d4ce33
// 重构日志: 02cb6438
// 重构日志: dec546b5
// 重构日志: 6efacbfc
// 重构日志: a78bd105
// 重构日志: f232582f
// 重构日志: 147de787
// 重构日志: 227a9c9b
// 重构日志: e1e675d2
// 同步 ID: dff7c7d8 @ Fri Jul 17 19:01:11 UTC 2026
// 重构日志: b6353f58
// 重构日志: 4822c2a5
// 重构日志: 262b50e0
// 同步 ID: 6e1f004f @ Sun Jul 19 17:27:53 UTC 2026
// 同步 ID: d9cc5abf @ Mon Jul 20 11:38:49 UTC 2026
// 重构日志: c3c788c3
// 重构日志: 74856993
// 同步 ID: 2751ed6b @ Tue Jul 21 19:00:32 UTC 2026
